usage: gunicorn [OPTIONS] [APP_MODULE]
gunicorn: error: No application module specified.
[2021-07-04 22:48:43 +0800] [16213] [INFO] Starting gunicorn 20.0.4
[2021-07-04 22:48:44 +0800] [16213] [INFO] Listening at: unix:/tmp/www.minzufs.cn.socket (16213)
[2021-07-04 22:48:44 +0800] [16213] [INFO] Using worker: sync
[2021-07-04 22:48:44 +0800] [16216] [INFO] Booting worker with pid: 16216
[2021-07-04 22:49:23 +0800] [16217] [INFO] Starting gunicorn 20.0.4
[2021-07-04 22:49:23 +0800] [16217] [INFO] Listening at: http://0.0.0.0:8888 (16217)
[2021-07-04 22:49:23 +0800] [16217] [INFO] Using worker: sync
[2021-07-04 22:49:23 +0800] [16220] [INFO] Booting worker with pid: 16220
[2021-07-04 22:49:23 +0800] [16221] [INFO] Booting worker with pid: 16221
[2021-07-04 22:49:23 +0800] [16222] [INFO] Booting worker with pid: 16222
[2021-07-04 22:49:23 +0800] [16223] [INFO] Booting worker with pid: 16223
[2021-07-04 22:49:37 +0800] [16224] [INFO] Starting gunicorn 20.0.4
[2021-07-04 22:49:37 +0800] [16224] [INFO] Listening at: unix:/tmp/www.minzufs.cn.socket (16224)
[2021-07-04 22:49:37 +0800] [16224] [INFO] Using worker: sync
[2021-07-04 22:49:37 +0800] [16227] [INFO] Booting worker with pid: 16227
[2021-07-04 22:52:06 +0800] [16230] [INFO] Starting gunicorn 20.0.4
[2021-07-04 22:52:06 +0800] [16230] [INFO] Listening at: unix:/tmp/www.minzufs.cn.socket (16230)
[2021-07-04 22:52:06 +0800] [16230] [INFO] Using worker: sync
[2021-07-04 22:52:06 +0800] [16233] [INFO] Booting worker with pid: 16233
[2021-07-04 22:52:55 +0800] [16234] [INFO] Starting gunicorn 20.0.4
[2021-07-04 22:52:55 +0800] [16234] [INFO] Listening at: unix:/tmp/www.minzufs.cn (16234)
[2021-07-04 22:52:55 +0800] [16234] [INFO] Using worker: sync
[2021-07-04 22:52:55 +0800] [16237] [INFO] Booting worker with pid: 16237
Failed to find attribute 'application' in 'socket'.
[2021-07-04 22:52:55 +0800] [16237] [INFO] Worker exiting (pid: 16237)
[2021-07-04 22:52:55 +0800] [16234] [INFO] Shutting down: Master
[2021-07-04 22:52:55 +0800] [16234] [INFO] Reason: App failed to load.
[2021-07-04 22:53:17 +0800] [16238] [INFO] Starting gunicorn 20.0.4
[2021-07-04 22:53:17 +0800] [16238] [INFO] Listening at: unix:/tmp/www.minzufs.cn.socket (16238)
[2021-07-04 22:53:17 +0800] [16238] [INFO] Using worker: sync
[2021-07-04 22:53:17 +0800] [16241] [INFO] Booting worker with pid: 16241
2021-07-04 22:53:29.735517: W tensorflow/stream_executor/platform/default/dso_loader.cc:55] Could not load dynamic library 'libnvinfer.so.6'; dlerror: libnvinfer.so.6: cannot open shared object file: No such file or directory
2021-07-04 22:53:29.735598: W tensorflow/stream_executor/platform/default/dso_loader.cc:55] Could not load dynamic library 'libnvinfer_plugin.so.6'; dlerror: libnvinfer_plugin.so.6: cannot open shared object file: No such file or directory
2021-07-04 22:53:29.735605: W tensorflow/compiler/tf2tensorrt/utils/py_utils.cc:30] Cannot dlopen some TensorRT libraries. If you would like to use Nvidia GPU with TensorRT, please make sure the missing libraries mentioned above are installed properly.
2021-07-04 22:54:15.456001: W tensorflow/stream_executor/platform/default/dso_loader.cc:55] Could not load dynamic library 'libcuda.so.1'; dlerror: libcuda.so.1: cannot open shared object file: No such file or directory
2021-07-04 22:54:15.456045: E tensorflow/stream_executor/cuda/cuda_driver.cc:351] failed call to cuInit: UNKNOWN ERROR (303)
2021-07-04 22:54:15.456071: I tensorflow/stream_executor/cuda/cuda_diagnostics.cc:156] kernel driver does not appear to be running on this host (iZ8vb8il854vas0phjaq2zZ): /proc/driver/nvidia/version does not exist
2021-07-04 22:54:15.456310: I tensorflow/core/platform/cpu_feature_guard.cc:142] Your CPU supports instructions that this TensorFlow binary was not compiled to use: AVX2 AVX512F FMA
2021-07-04 22:54:15.466026: I tensorflow/core/platform/profile_utils/cpu_utils.cc:94] CPU Frequency: 2500000000 Hz
2021-07-04 22:54:15.466275: I tensorflow/compiler/xla/service/service.cc:168] XLA service 0x559e598f27c0 initialized for platform Host (this does not guarantee that XLA will be used). Devices:
2021-07-04 22:54:15.466314: I tensorflow/compiler/xla/service/service.cc:176]   StreamExecutor device (0): Host, Default Version
[2021-07-04 22:54:25 +0800] [16238] [INFO] Handling signal: hup
[2021-07-04 22:54:26 +0800] [16238] [INFO] Hang up: Master
[2021-07-04 22:54:26 +0800] [16269] [INFO] Booting worker with pid: 16269
[2021-07-04 22:54:26 +0800] [16270] [INFO] Booting worker with pid: 16270
[2021-07-04 22:54:26 +0800] [16213] [INFO] Handling signal: hup
[2021-07-04 22:54:26 +0800] [16213] [INFO] Hang up: Master
[2021-07-04 22:54:26 +0800] [16271] [INFO] Booting worker with pid: 16271
[2021-07-04 22:54:26 +0800] [16274] [INFO] Booting worker with pid: 16274
[2021-07-04 22:54:26 +0800] [16268] [INFO] Booting worker with pid: 16268
[2021-07-04 22:54:26 +0800] [16224] [INFO] Handling signal: hup
[2021-07-04 22:54:26 +0800] [16224] [INFO] Hang up: Master
[2021-07-04 22:54:26 +0800] [16272] [INFO] Booting worker with pid: 16272
[2021-07-04 22:54:26 +0800] [16275] [INFO] Booting worker with pid: 16275
[2021-07-04 22:54:26 +0800] [16230] [INFO] Handling signal: hup
[2021-07-04 22:54:26 +0800] [16230] [INFO] Hang up: Master
[2021-07-04 22:54:26 +0800] [16276] [INFO] Booting worker with pid: 16276
[2021-07-04 22:54:26 +0800] [16277] [INFO] Booting worker with pid: 16277
[2021-07-04 22:54:26 +0800] [16217] [INFO] Handling signal: hup
[2021-07-04 22:54:26 +0800] [16217] [INFO] Hang up: Master
[2021-07-04 22:54:26 +0800] [16278] [INFO] Booting worker with pid: 16278
[2021-07-04 22:54:26 +0800] [16279] [INFO] Booting worker with pid: 16279
[2021-07-04 22:54:26 +0800] [16280] [INFO] Booting worker with pid: 16280
[2021-07-04 22:54:26 +0800] [16281] [INFO] Booting worker with pid: 16281
[2021-07-04 22:54:27 +0800] [16269] [INFO] Worker exiting (pid: 16269)
[2021-07-04 22:54:27 +0800] [16271] [INFO] Worker exiting (pid: 16271)
[2021-07-04 22:54:27 +0800] [16272] [INFO] Worker exiting (pid: 16272)
[2021-07-04 22:54:27 +0800] [16268] [INFO] Worker exiting (pid: 16268)
[2021-07-04 22:54:27 +0800] [16276] [INFO] Worker exiting (pid: 16276)
[2021-07-04 22:56:20 +0800] [16359] [INFO] Starting gunicorn 20.0.4
[2021-07-04 22:56:20 +0800] [16359] [INFO] Listening at: unix:/tmp/www.minzufs.cn.socket (16359)
[2021-07-04 22:56:20 +0800] [16359] [INFO] Using worker: sync
[2021-07-04 22:56:20 +0800] [16362] [INFO] Booting worker with pid: 16362
2021-07-04 22:56:29.075584: W tensorflow/stream_executor/platform/default/dso_loader.cc:55] Could not load dynamic library 'libnvinfer.so.6'; dlerror: libnvinfer.so.6: cannot open shared object file: No such file or directory
2021-07-04 22:56:29.075699: W tensorflow/stream_executor/platform/default/dso_loader.cc:55] Could not load dynamic library 'libnvinfer_plugin.so.6'; dlerror: libnvinfer_plugin.so.6: cannot open shared object file: No such file or directory
2021-07-04 22:56:29.075710: W tensorflow/compiler/tf2tensorrt/utils/py_utils.cc:30] Cannot dlopen some TensorRT libraries. If you would like to use Nvidia GPU with TensorRT, please make sure the missing libraries mentioned above are installed properly.
2021-07-04 22:56:34.570342: W tensorflow/stream_executor/platform/default/dso_loader.cc:55] Could not load dynamic library 'libcuda.so.1'; dlerror: libcuda.so.1: cannot open shared object file: No such file or directory
2021-07-04 22:56:34.570372: E tensorflow/stream_executor/cuda/cuda_driver.cc:351] failed call to cuInit: UNKNOWN ERROR (303)
2021-07-04 22:56:34.570391: I tensorflow/stream_executor/cuda/cuda_diagnostics.cc:156] kernel driver does not appear to be running on this host (iZ8vb8il854vas0phjaq2zZ): /proc/driver/nvidia/version does not exist
2021-07-04 22:56:34.570569: I tensorflow/core/platform/cpu_feature_guard.cc:142] Your CPU supports instructions that this TensorFlow binary was not compiled to use: AVX2 AVX512F FMA
2021-07-04 22:56:34.576439: I tensorflow/core/platform/profile_utils/cpu_utils.cc:94] CPU Frequency: 2500000000 Hz
2021-07-04 22:56:34.576645: I tensorflow/compiler/xla/service/service.cc:168] XLA service 0x5600b5e0e640 initialized for platform Host (this does not guarantee that XLA will be used). Devices:
2021-07-04 22:56:34.576674: I tensorflow/compiler/xla/service/service.cc:176]   StreamExecutor device (0): Host, Default Version
[2021-07-04 22:56:48 +0800] [16359] [INFO] Handling signal: hup
[2021-07-04 22:56:48 +0800] [16359] [INFO] Hang up: Master
[2021-07-04 22:56:48 +0800] [16389] [INFO] Booting worker with pid: 16389
2021-07-04 22:56:54.195419: W tensorflow/stream_executor/platform/default/dso_loader.cc:55] Could not load dynamic library 'libnvinfer.so.6'; dlerror: libnvinfer.so.6: cannot open shared object file: No such file or directory
2021-07-04 22:56:54.195507: W tensorflow/stream_executor/platform/default/dso_loader.cc:55] Could not load dynamic library 'libnvinfer_plugin.so.6'; dlerror: libnvinfer_plugin.so.6: cannot open shared object file: No such file or directory
2021-07-04 22:56:54.196155: W tensorflow/compiler/tf2tensorrt/utils/py_utils.cc:30] Cannot dlopen some TensorRT libraries. If you would like to use Nvidia GPU with TensorRT, please make sure the missing libraries mentioned above are installed properly.
2021-07-04 22:56:54.982066: W tensorflow/stream_executor/platform/default/dso_loader.cc:55] Could not load dynamic library 'libcuda.so.1'; dlerror: libcuda.so.1: cannot open shared object file: No such file or directory
2021-07-04 22:56:54.982101: E tensorflow/stream_executor/cuda/cuda_driver.cc:351] failed call to cuInit: UNKNOWN ERROR (303)
2021-07-04 22:56:54.982126: I tensorflow/stream_executor/cuda/cuda_diagnostics.cc:156] kernel driver does not appear to be running on this host (iZ8vb8il854vas0phjaq2zZ): /proc/driver/nvidia/version does not exist
2021-07-04 22:56:54.982338: I tensorflow/core/platform/cpu_feature_guard.cc:142] Your CPU supports instructions that this TensorFlow binary was not compiled to use: AVX2 AVX512F FMA
2021-07-04 22:56:54.991831: I tensorflow/core/platform/profile_utils/cpu_utils.cc:94] CPU Frequency: 2500000000 Hz
2021-07-04 22:56:54.992061: I tensorflow/compiler/xla/service/service.cc:168] XLA service 0x5600b5df7440 initialized for platform Host (this does not guarantee that XLA will be used). Devices:
2021-07-04 22:56:54.992087: I tensorflow/compiler/xla/service/service.cc:176]   StreamExecutor device (0): Host, Default Version
